# JRE version: OpenJDK Runtime Environment (11.0.8+10) (build 11.0.8+10-b944.6842174)
# Java VM: OpenJDK 64-Bit Server VM (11.0.8+10-b944.6842174, mixed mode, tiered, compressed oops, g1 gc, windows-amd64)
Heap:
 garbage-first heap   total 284672K, used 128000K [0x0000000080000000, 0x0000000100000000)
  region size 1024K, 6 young (6144K), 6 survivors (6144K)
 Metaspace       used 83625K, capacity 85754K, committed 86092K, reserved 1124352K
  class space    used 10983K, capacity 11754K, committed 11852K, reserved 1048576K
GC Heap History (20 events):
Event: 4.236 GC heap after
{Heap after GC invocations=8 (full 0):
 garbage-first heap   total 157696K, used 21387K [0x0000000080000000, 0x0000000100000000)
  region size 1024K, 8 young (8192K), 8 survivors (8192K)
 Metaspace       used 35038K, capacity 35769K, committed 35840K, reserved 1081344K
  class space    used 4563K, capacity 4856K, committed 4864K, reserved 1048576K
}
Event: 5.303 GC heap before
{Heap before GC invocations=9 (full 0):
 garbage-first heap   total 157696K, used 110475K [0x0000000080000000, 0x0000000100000000)
  region size 1024K, 92 young (94208K), 8 survivors (8192K)
 Metaspace       used 43149K, capacity 44089K, committed 44364K, reserved 1087488K
  class space    used 5559K, capacity 5901K, committed 5964K, reserved 1048576K
}
Event: 5.324 GC heap after
{Heap after GC invocations=10 (full 0):
 garbage-first heap   total 157696K, used 25363K [0x0000000080000000, 0x0000000100000000)
  region size 1024K, 10 young (10240K), 10 survivors (10240K)
 Metaspace       used 43149K, capacity 44089K, committed 44364K, reserved 1087488K
  class space    used 5559K, capacity 5901K, committed 5964K, reserved 1048576K
}
Event: 6.325 GC heap before
{Heap before GC invocations=10 (full 0):
 garbage-first heap   total 157696K, used 111379K [0x0000000080000000, 0x0000000100000000)
  region size 1024K, 92 young (94208K), 10 survivors (10240K)
 Metaspace       used 48786K, capacity 49887K, committed 49996K, reserved 1093632K
  class space    used 6213K, capacity 6624K, committed 6732K, reserved 1048576K
}
Event: 6.346 GC heap after
{Heap after GC invocations=11 (full 0):
 garbage-first heap   total 189440K, used 36606K [0x0000000080000000, 0x0000000100000000)
  region size 1024K, 12 young (12288K), 12 survivors (12288K)
 Metaspace       used 48786K, capacity 49887K, committed 49996K, reserved 1093632K
  class space    used 6213K, capacity 6624K, committed 6732K, reserved 1048576K
}
Event: 7.635 GC heap before
{Heap before GC invocations=11 (full 0):
 garbage-first heap   total 189440K, used 117502K [0x0000000080000000, 0x0000000100000000)
  region size 1024K, 92 young (94208K), 12 survivors (12288K)
 Metaspace       used 58831K, capacity 60144K, committed 60236K, reserved 1101824K
  class space    used 7448K, capacity 7936K, committed 8012K, reserved 1048576K
}
Event: 7.658 GC heap after
{Heap after GC invocations=12 (full 0):
 garbage-first heap   total 189440K, used 43326K [0x0000000080000000, 0x0000000100000000)
  region size 1024K, 7 young (7168K), 7 survivors (7168K)
 Metaspace       used 58831K, capacity 60144K, committed 60236K, reserved 1101824K
  class space    used 7448K, capacity 7936K, committed 8012K, reserved 1048576K
}
Event: 8.922 GC heap before
{Heap before GC invocations=13 (full 0):
 garbage-first heap   total 189440K, used 132414K [0x0000000080000000, 0x0000000100000000)
  region size 1024K, 94 young (96256K), 7 survivors (7168K)
 Metaspace       used 66573K, capacity 68164K, committed 68428K, reserved 1107968K
  class space    used 8705K, capacity 9272K, committed 9292K, reserved 1048576K
}
Event: 8.938 GC heap after
{Heap after GC invocations=14 (full 0):
 garbage-first heap   total 189440K, used 48299K [0x0000000080000000, 0x0000000100000000)
  region size 1024K, 12 young (12288K), 12 survivors (12288K)
 Metaspace       used 66573K, capacity 68164K, committed 68428K, reserved 1107968K
  class space    used 8705K, capacity 9272K, committed 9292K, reserved 1048576K
}
Event: 10.678 GC heap before
{Heap before GC invocations=14 (full 0):
 garbage-first heap   total 189440K, used 140459K [0x0000000080000000, 0x0000000100000000)
  region size 1024K, 103 young (105472K), 12 survivors (12288K)
 Metaspace       used 74911K, capacity 76668K, committed 76748K, reserved 1116160K
  class space    used 9782K, capacity 10425K, committed 10444K, reserved 1048576K
}
Event: 10.704 GC heap after
{Heap after GC invocations=15 (full 0):
 garbage-first heap   total 189440K, used 54007K [0x0000000080000000, 0x0000000100000000)
  region size 1024K, 12 young (12288K), 12 survivors (12288K)
 Metaspace       used 74911K, capacity 76668K, committed 76748K, reserved 1116160K
  class space    used 9782K, capacity 10425K, committed 10444K, reserved 1048576K
}
Event: 12.601 GC heap before
{Heap before GC invocations=15 (full 0):
 garbage-first heap   total 189440K, used 144119K [0x0000000080000000, 0x0000000100000000)
  region size 1024K, 101 young (103424K), 12 survivors (12288K)
 Metaspace       used 76072K, capacity 77944K, committed 78156K, reserved 1116160K
  class space    used 9863K, capacity 10536K, committed 10572K, reserved 1048576K
}
Event: 12.623 GC heap after
{Heap after GC invocations=16 (full 0):
 garbage-first heap   total 227328K, used 59594K [0x0000000080000000, 0x0000000100000000)
  region size 1024K, 11 young (11264K), 11 survivors (11264K)
 Metaspace       used 76072K, capacity 77944K, committed 78156K, reserved 1116160K
  class space    used 9863K, capacity 10536K, committed 10572K, reserved 1048576K
}
Event: 14.075 GC heap before
{Heap before GC invocations=16 (full 0):
 garbage-first heap   total 227328K, used 182474K [0x0000000080000000, 0x0000000100000000)
  region size 1024K, 114 young (116736K), 11 survivors (11264K)
 Metaspace       used 81202K, capacity 83218K, committed 83404K, reserved 1122304K
  class space    used 10667K, capacity 11374K, committed 11468K, reserved 1048576K
}
Event: 14.125 GC heap after
{Heap after GC invocations=17 (full 0):
 garbage-first heap   total 227328K, used 95047K [0x0000000080000000, 0x0000000100000000)
  region size 1024K, 15 young (15360K), 15 survivors (15360K)
 Metaspace       used 81202K, capacity 83218K, committed 83404K, reserved 1122304K
  class space    used 10667K, capacity 11374K, committed 11468K, reserved 1048576K
}
Event: 14.289 GC heap before
{Heap before GC invocations=17 (full 0):
 garbage-first heap   total 227328K, used 111431K [0x0000000080000000, 0x0000000100000000)
  region size 1024K, 32 young (32768K), 15 survivors (15360K)
 Metaspace       used 81266K, capacity 83225K, committed 83404K, reserved 1122304K
  class space    used 10667K, capacity 11374K, committed 11468K, reserved 1048576K
}
Event: 14.340 GC heap after
{Heap after GC invocations=18 (full 0):
 garbage-first heap   total 227328K, used 105984K [0x0000000080000000, 0x0000000100000000)
  region size 1024K, 4 young (4096K), 4 survivors (4096K)
 Metaspace       used 81266K, capacity 83225K, committed 83404K, reserved 1122304K
  class space    used 10667K, capacity 11374K, committed 11468K, reserved 1048576K
}
Event: 14.897 GC heap before
{Heap before GC invocations=18 (full 0):
 garbage-first heap   total 227328K, used 150016K [0x0000000080000000, 0x0000000100000000)
  region size 1024K, 48 young (49152K), 4 survivors (4096K)
 Metaspace       used 83655K, capacity 85801K, committed 86092K, reserved 1124352K
  class space    used 11006K, capacity 11796K, committed 11852K, reserved 1048576K
}
Event: 14.938 GC heap after
{Heap after GC invocations=19 (full 0):
 garbage-first heap   total 227328K, used 122880K [0x0000000080000000, 0x0000000100000000)
  region size 1024K, 6 young (6144K), 6 survivors (6144K)
 Metaspace       used 83655K, capacity 85801K, committed 86092K, reserved 1124352K
  class space    used 11006K, capacity 11796K, committed 11852K, reserved 1048576K
}
Event: 15.455 GC heap before
{Heap before GC invocations=20 (full 0):
 garbage-first heap   total 227328K, used 148480K [0x0000000080000000, 0x0000000100000000)
  region size 1024K, 36 young (36864K), 6 survivors (6144K)
 Metaspace       used 83625K, capacity 85754K, committed 86092K, reserved 1124352K
  class space    used 10983K, capacity 11754K, committed 11852K, reserved 1048576K
}

