# JRE version: OpenJDK Runtime Environment (11.0.8+10) (build 11.0.8+10-b944.6842174)
# Java VM: OpenJDK 64-Bit Server VM (11.0.8+10-b944.6842174, mixed mode, tiered, compressed oops, g1 gc, windows-amd64)
Heap:
 garbage-first heap   total 230400K, used 123904K [0x0000000080000000, 0x0000000100000000)
  region size 1024K, 15 young (15360K), 13 survivors (13312K)
 Metaspace       used 83707K, capacity 85828K, committed 86092K, reserved 1124352K
  class space    used 10998K, capacity 11780K, committed 11904K, reserved 1048576K
GC Heap History (20 events):
Event: 5.665 GC heap before
{Heap before GC invocations=7 (full 0):
 garbage-first heap   total 157696K, used 66554K [0x0000000080000000, 0x0000000100000000)
  region size 1024K, 51 young (52224K), 3 survivors (3072K)
 Metaspace       used 35048K, capacity 35769K, committed 35840K, reserved 1081344K
  class space    used 4563K, capacity 4856K, committed 4864K, reserved 1048576K
}
Event: 5.678 GC heap after
{Heap after GC invocations=8 (full 0):
 garbage-first heap   total 157696K, used 21373K [0x0000000080000000, 0x0000000100000000)
  region size 1024K, 6 young (6144K), 6 survivors (6144K)
 Metaspace       used 35048K, capacity 35769K, committed 35840K, reserved 1081344K
  class space    used 4563K, capacity 4856K, committed 4864K, reserved 1048576K
}
Event: 7.113 GC heap before
{Heap before GC invocations=9 (full 0):
 garbage-first heap   total 157696K, used 93053K [0x0000000080000000, 0x0000000100000000)
  region size 1024K, 73 young (74752K), 6 survivors (6144K)
 Metaspace       used 41542K, capacity 42465K, committed 42572K, reserved 1085440K
  class space    used 5338K, capacity 5674K, committed 5760K, reserved 1048576K
}
Event: 7.130 GC heap after
{Heap after GC invocations=10 (full 0):
 garbage-first heap   total 157696K, used 24816K [0x0000000080000000, 0x0000000100000000)
  region size 1024K, 7 young (7168K), 7 survivors (7168K)
 Metaspace       used 41542K, capacity 42465K, committed 42572K, reserved 1085440K
  class space    used 5338K, capacity 5674K, committed 5760K, reserved 1048576K
}
Event: 8.430 GC heap before
{Heap before GC invocations=10 (full 0):
 garbage-first heap   total 157696K, used 103664K [0x0000000080000000, 0x0000000100000000)
  region size 1024K, 82 young (83968K), 7 survivors (7168K)
 Metaspace       used 45314K, capacity 46467K, committed 46668K, reserved 1089536K
  class space    used 5823K, capacity 6227K, committed 6272K, reserved 1048576K
}
Event: 8.448 GC heap after
{Heap after GC invocations=11 (full 0):
 garbage-first heap   total 157696K, used 35932K [0x0000000080000000, 0x0000000100000000)
  region size 1024K, 11 young (11264K), 11 survivors (11264K)
 Metaspace       used 45314K, capacity 46467K, committed 46668K, reserved 1089536K
  class space    used 5823K, capacity 6227K, committed 6272K, reserved 1048576K
}
Event: 10.225 GC heap before
{Heap before GC invocations=11 (full 0):
 garbage-first heap   total 157696K, used 112732K [0x0000000080000000, 0x0000000100000000)
  region size 1024K, 87 young (89088K), 11 survivors (11264K)
 Metaspace       used 56297K, capacity 57691K, committed 57804K, reserved 1099776K
  class space    used 7163K, capacity 7663K, committed 7680K, reserved 1048576K
}
Event: 10.247 GC heap after
{Heap after GC invocations=12 (full 0):
 garbage-first heap   total 189440K, used 41019K [0x0000000080000000, 0x0000000100000000)
  region size 1024K, 5 young (5120K), 5 survivors (5120K)
 Metaspace       used 56297K, capacity 57691K, committed 57804K, reserved 1099776K
  class space    used 7163K, capacity 7663K, committed 7680K, reserved 1048576K
}
Event: 10.807 GC heap before
{Heap before GC invocations=12 (full 0):
 garbage-first heap   total 189440K, used 64571K [0x0000000080000000, 0x0000000100000000)
  region size 1024K, 29 young (29696K), 5 survivors (5120K)
 Metaspace       used 58768K, capacity 60088K, committed 60236K, reserved 1101824K
  class space    used 7435K, capacity 7939K, committed 8064K, reserved 1048576K
}
Event: 10.820 GC heap after
{Heap after GC invocations=13 (full 0):
 garbage-first heap   total 189440K, used 43033K [0x0000000080000000, 0x0000000100000000)
  region size 1024K, 7 young (7168K), 7 survivors (7168K)
 Metaspace       used 58768K, capacity 60088K, committed 60236K, reserved 1101824K
  class space    used 7435K, capacity 7939K, committed 8064K, reserved 1048576K
}
Event: 12.564 GC heap before
{Heap before GC invocations=14 (full 0):
 garbage-first heap   total 189440K, used 127001K [0x0000000080000000, 0x0000000100000000)
  region size 1024K, 89 young (91136K), 7 survivors (7168K)
 Metaspace       used 65964K, capacity 67503K, committed 67788K, reserved 1107968K
  class space    used 8609K, capacity 9157K, committed 9216K, reserved 1048576K
}
Event: 12.586 GC heap after
{Heap after GC invocations=15 (full 0):
 garbage-first heap   total 189440K, used 47992K [0x0000000080000000, 0x0000000100000000)
  region size 1024K, 12 young (12288K), 12 survivors (12288K)
 Metaspace       used 65964K, capacity 67503K, committed 67788K, reserved 1107968K
  class space    used 8609K, capacity 9157K, committed 9216K, reserved 1048576K
}
Event: 15.349 GC heap before
{Heap before GC invocations=15 (full 0):
 garbage-first heap   total 189440K, used 141176K [0x0000000080000000, 0x0000000100000000)
  region size 1024K, 104 young (106496K), 12 survivors (12288K)
 Metaspace       used 74938K, capacity 76743K, committed 77004K, reserved 1116160K
  class space    used 9780K, capacity 10408K, committed 10496K, reserved 1048576K
}
Event: 15.380 GC heap after
{Heap after GC invocations=16 (full 0):
 garbage-first heap   total 189440K, used 53660K [0x0000000080000000, 0x0000000100000000)
  region size 1024K, 12 young (12288K), 12 survivors (12288K)
 Metaspace       used 74938K, capacity 76743K, committed 77004K, reserved 1116160K
  class space    used 9780K, capacity 10408K, committed 10496K, reserved 1048576K
}
Event: 17.791 GC heap before
{Heap before GC invocations=16 (full 0):
 garbage-first heap   total 189440K, used 142748K [0x0000000080000000, 0x0000000100000000)
  region size 1024K, 100 young (102400K), 12 survivors (12288K)
 Metaspace       used 76051K, capacity 77879K, committed 78156K, reserved 1116160K
  class space    used 9851K, capacity 10516K, committed 10624K, reserved 1048576K
}
Event: 17.818 GC heap after
{Heap after GC invocations=17 (full 0):
 garbage-first heap   total 189440K, used 58956K [0x0000000080000000, 0x0000000100000000)
  region size 1024K, 11 young (11264K), 11 survivors (11264K)
 Metaspace       used 76051K, capacity 77879K, committed 78156K, reserved 1116160K
  class space    used 9851K, capacity 10516K, committed 10624K, reserved 1048576K
}
Event: 19.766 GC heap before
{Heap before GC invocations=17 (full 0):
 garbage-first heap   total 189440K, used 164428K [0x0000000080000000, 0x0000000100000000)
  region size 1024K, 97 young (99328K), 11 survivors (11264K)
 Metaspace       used 79303K, capacity 81261K, committed 81356K, reserved 1120256K
  class space    used 10302K, capacity 10997K, committed 11008K, reserved 1048576K
}
Event: 19.813 GC heap after
{Heap after GC invocations=18 (full 0):
 garbage-first heap   total 230400K, used 85852K [0x0000000080000000, 0x0000000100000000)
  region size 1024K, 13 young (13312K), 13 survivors (13312K)
 Metaspace       used 79303K, capacity 81261K, committed 81356K, reserved 1120256K
  class space    used 10302K, capacity 10997K, committed 11008K, reserved 1048576K
}
Event: 21.499 GC heap before
{Heap before GC invocations=18 (full 0):
 garbage-first heap   total 230400K, used 174940K [0x0000000080000000, 0x0000000100000000)
  region size 1024K, 101 young (103424K), 13 survivors (13312K)
 Metaspace       used 83706K, capacity 85828K, committed 86092K, reserved 1124352K
  class space    used 10998K, capacity 11780K, committed 11904K, reserved 1048576K
}
Event: 21.648 GC heap after
{Heap after GC invocations=19 (full 0):
 garbage-first heap   total 230400K, used 122880K [0x0000000080000000, 0x0000000100000000)
  region size 1024K, 13 young (13312K), 13 survivors (13312K)
 Metaspace       used 83706K, capacity 85828K, committed 86092K, reserved 1124352K
  class space    used 10998K, capacity 11780K, committed 11904K, reserved 1048576K
}

