# JRE version: OpenJDK Runtime Environment (11.0.8+10) (build 11.0.8+10-b944.6842174)
# Java VM: OpenJDK 64-Bit Server VM (11.0.8+10-b944.6842174, mixed mode, tiered, compressed oops, g1 gc, windows-amd64)
Heap:
 garbage-first heap   total 304128K, used 136448K [0x0000000080000000, 0x0000000100000000)
  region size 1024K, 4 young (4096K), 4 survivors (4096K)
 Metaspace       used 83889K, capacity 85964K, committed 86092K, reserved 1124352K
  class space    used 11006K, capacity 11798K, committed 11852K, reserved 1048576K
GC Heap History (20 events):
Event: 7.465 GC heap after
{Heap after GC invocations=10 (full 0):
 garbage-first heap   total 157696K, used 24861K [0x0000000080000000, 0x0000000100000000)
  region size 1024K, 7 young (7168K), 7 survivors (7168K)
 Metaspace       used 41547K, capacity 42433K, committed 42572K, reserved 1085440K
  class space    used 5334K, capacity 5642K, committed 5708K, reserved 1048576K
}
Event: 8.719 GC heap before
{Heap before GC invocations=10 (full 0):
 garbage-first heap   total 157696K, used 105757K [0x0000000080000000, 0x0000000100000000)
  region size 1024K, 84 young (86016K), 7 survivors (7168K)
 Metaspace       used 45547K, capacity 46684K, committed 46796K, reserved 1089536K
  class space    used 5855K, capacity 6257K, committed 6348K, reserved 1048576K
}
Event: 8.737 GC heap after
{Heap after GC invocations=11 (full 0):
 garbage-first heap   total 157696K, used 36007K [0x0000000080000000, 0x0000000100000000)
  region size 1024K, 11 young (11264K), 11 survivors (11264K)
 Metaspace       used 45547K, capacity 46684K, committed 46796K, reserved 1089536K
  class space    used 5855K, capacity 6257K, committed 6348K, reserved 1048576K
}
Event: 10.189 GC heap before
{Heap before GC invocations=11 (full 0):
 garbage-first heap   total 157696K, used 107687K [0x0000000080000000, 0x0000000100000000)
  region size 1024K, 82 young (83968K), 11 survivors (11264K)
 Metaspace       used 56015K, capacity 57364K, committed 57548K, reserved 1099776K
  class space    used 7125K, capacity 7597K, committed 7628K, reserved 1048576K
}
Event: 10.210 GC heap after
{Heap after GC invocations=12 (full 0):
 garbage-first heap   total 189440K, used 41538K [0x0000000080000000, 0x0000000100000000)
  region size 1024K, 5 young (5120K), 5 survivors (5120K)
 Metaspace       used 56015K, capacity 57364K, committed 57548K, reserved 1099776K
  class space    used 7125K, capacity 7597K, committed 7628K, reserved 1048576K
}
Event: 10.801 GC heap before
{Heap before GC invocations=12 (full 0):
 garbage-first heap   total 189440K, used 70210K [0x0000000080000000, 0x0000000100000000)
  region size 1024K, 33 young (33792K), 5 survivors (5120K)
 Metaspace       used 58845K, capacity 60147K, committed 60236K, reserved 1101824K
  class space    used 7449K, capacity 7937K, committed 8012K, reserved 1048576K
}
Event: 10.817 GC heap after
{Heap after GC invocations=13 (full 0):
 garbage-first heap   total 189440K, used 43662K [0x0000000080000000, 0x0000000100000000)
  region size 1024K, 7 young (7168K), 7 survivors (7168K)
 Metaspace       used 58845K, capacity 60147K, committed 60236K, reserved 1101824K
  class space    used 7449K, capacity 7937K, committed 8012K, reserved 1048576K
}
Event: 12.410 GC heap before
{Heap before GC invocations=14 (full 0):
 garbage-first heap   total 189440K, used 127630K [0x0000000080000000, 0x0000000100000000)
  region size 1024K, 89 young (91136K), 7 survivors (7168K)
 Metaspace       used 66417K, capacity 67953K, committed 68172K, reserved 1107968K
  class space    used 8670K, capacity 9226K, committed 9292K, reserved 1048576K
}
Event: 12.429 GC heap after
{Heap after GC invocations=15 (full 0):
 garbage-first heap   total 189440K, used 48585K [0x0000000080000000, 0x0000000100000000)
  region size 1024K, 12 young (12288K), 12 survivors (12288K)
 Metaspace       used 66417K, capacity 67953K, committed 68172K, reserved 1107968K
  class space    used 8670K, capacity 9226K, committed 9292K, reserved 1048576K
}
Event: 14.341 GC heap before
{Heap before GC invocations=15 (full 0):
 garbage-first heap   total 189440K, used 136649K [0x0000000080000000, 0x0000000100000000)
  region size 1024K, 98 young (100352K), 12 survivors (12288K)
 Metaspace       used 74856K, capacity 76626K, committed 76748K, reserved 1116160K
  class space    used 9782K, capacity 10412K, committed 10444K, reserved 1048576K
}
Event: 14.366 GC heap after
{Heap after GC invocations=16 (full 0):
 garbage-first heap   total 189440K, used 54492K [0x0000000080000000, 0x0000000100000000)
  region size 1024K, 12 young (12288K), 12 survivors (12288K)
 Metaspace       used 74856K, capacity 76626K, committed 76748K, reserved 1116160K
  class space    used 9782K, capacity 10412K, committed 10444K, reserved 1048576K
}
Event: 16.744 GC heap before
{Heap before GC invocations=16 (full 0):
 garbage-first heap   total 189440K, used 141532K [0x0000000080000000, 0x0000000100000000)
  region size 1024K, 98 young (100352K), 12 survivors (12288K)
 Metaspace       used 75980K, capacity 77815K, committed 77900K, reserved 1116160K
  class space    used 9856K, capacity 10523K, committed 10572K, reserved 1048576K
}
Event: 16.778 GC heap after
{Heap after GC invocations=17 (full 0):
 garbage-first heap   total 227328K, used 59588K [0x0000000080000000, 0x0000000100000000)
  region size 1024K, 11 young (11264K), 11 survivors (11264K)
 Metaspace       used 75980K, capacity 77815K, committed 77900K, reserved 1116160K
  class space    used 9856K, capacity 10523K, committed 10572K, reserved 1048576K
}
Event: 19.249 GC heap before
{Heap before GC invocations=17 (full 0):
 garbage-first heap   total 227328K, used 190660K [0x0000000080000000, 0x0000000100000000)
  region size 1024K, 122 young (124928K), 11 survivors (11264K)
 Metaspace       used 81190K, capacity 83122K, committed 83404K, reserved 1122304K
  class space    used 10661K, capacity 11361K, committed 11468K, reserved 1048576K
}
Event: 19.327 GC heap after
{Heap after GC invocations=18 (full 0):
 garbage-first heap   total 227328K, used 92950K [0x0000000080000000, 0x0000000100000000)
  region size 1024K, 16 young (16384K), 16 survivors (16384K)
 Metaspace       used 81190K, capacity 83122K, committed 83404K, reserved 1122304K
  class space    used 10661K, capacity 11361K, committed 11468K, reserved 1048576K
}
Event: 20.372 GC heap before
{Heap before GC invocations=18 (full 0):
 garbage-first heap   total 227328K, used 169750K [0x0000000080000000, 0x0000000100000000)
  region size 1024K, 92 young (94208K), 16 survivors (16384K)
 Metaspace       used 83683K, capacity 85827K, committed 86092K, reserved 1124352K
  class space    used 10998K, capacity 11780K, committed 11852K, reserved 1048576K
}
Event: 20.475 GC heap after
{Heap after GC invocations=19 (full 0):
 garbage-first heap   total 227328K, used 125696K [0x0000000080000000, 0x0000000100000000)
  region size 1024K, 12 young (12288K), 12 survivors (12288K)
 Metaspace       used 83683K, capacity 85827K, committed 86092K, reserved 1124352K
  class space    used 10998K, capacity 11780K, committed 11852K, reserved 1048576K
}
Event: 20.694 GC heap before
{Heap before GC invocations=19 (full 0):
 garbage-first heap   total 227328K, used 144128K [0x0000000080000000, 0x0000000100000000)
  region size 1024K, 31 young (31744K), 12 survivors (12288K)
 Metaspace       used 83696K, capacity 85830K, committed 86092K, reserved 1124352K
  class space    used 10998K, capacity 11780K, committed 11852K, reserved 1048576K
}
Event: 20.734 GC heap after
{Heap after GC invocations=20 (full 0):
 garbage-first heap   total 227328K, used 132096K [0x0000000080000000, 0x0000000100000000)
  region size 1024K, 6 young (6144K), 6 survivors (6144K)
 Metaspace       used 83696K, capacity 85830K, committed 86092K, reserved 1124352K
  class space    used 10998K, capacity 11780K, committed 11852K, reserved 1048576K
}
Event: 21.463 GC heap before
{Heap before GC invocations=21 (full 0):
 garbage-first heap   total 227328K, used 143360K [0x0000000080000000, 0x0000000100000000)
  region size 1024K, 18 young (18432K), 6 survivors (6144K)
 Metaspace       used 83889K, capacity 85964K, committed 86092K, reserved 1124352K
  class space    used 11006K, capacity 11798K, committed 11852K, reserved 1048576K
}

