# JRE version: OpenJDK Runtime Environment (11.0.8+10) (build 11.0.8+10-b944.6842174)
# Java VM: OpenJDK 64-Bit Server VM (11.0.8+10-b944.6842174, mixed mode, tiered, compressed oops, g1 gc, windows-amd64)
Heap:
 garbage-first heap   total 528384K, used 161496K [0x0000000080000000, 0x0000000100000000)
  region size 1024K, 1 young (1024K), 1 survivors (1024K)
 Metaspace       used 115867K, capacity 118758K, committed 118892K, reserved 1153024K
  class space    used 14141K, capacity 15209K, committed 15264K, reserved 1048576K
GC Heap History (20 events):
Event: 1153.813 GC heap after
{Heap after GC invocations=90 (full 0):
 garbage-first heap   total 328704K, used 106268K [0x0000000080000000, 0x0000000100000000)
  region size 1024K, 1 young (1024K), 1 survivors (1024K)
 Metaspace       used 115724K, capacity 118616K, committed 118892K, reserved 1153024K
  class space    used 14139K, capacity 15207K, committed 15264K, reserved 1048576K
}
Event: 1154.057 GC heap before
{Heap before GC invocations=90 (full 0):
 garbage-first heap   total 328704K, used 134940K [0x0000000080000000, 0x0000000100000000)
  region size 1024K, 31 young (31744K), 1 survivors (1024K)
 Metaspace       used 115745K, capacity 118680K, committed 118892K, reserved 1153024K
  class space    used 14139K, capacity 15207K, committed 15264K, reserved 1048576K
}
Event: 1154.063 GC heap after
{Heap after GC invocations=91 (full 0):
 garbage-first heap   total 328704K, used 106730K [0x0000000080000000, 0x0000000100000000)
  region size 1024K, 2 young (2048K), 2 survivors (2048K)
 Metaspace       used 115745K, capacity 118680K, committed 118892K, reserved 1153024K
  class space    used 14139K, capacity 15207K, committed 15264K, reserved 1048576K
}
Event: 1154.888 GC heap before
{Heap before GC invocations=92 (full 0):
 garbage-first heap   total 328704K, used 263402K [0x0000000080000000, 0x0000000100000000)
  region size 1024K, 136 young (139264K), 2 survivors (2048K)
 Metaspace       used 115845K, capacity 118757K, committed 118892K, reserved 1153024K
  class space    used 14141K, capacity 15209K, committed 15264K, reserved 1048576K
}
Event: 1154.904 GC heap after
{Heap after GC invocations=93 (full 0):
 garbage-first heap   total 328704K, used 126069K [0x0000000080000000, 0x0000000100000000)
  region size 1024K, 14 young (14336K), 14 survivors (14336K)
 Metaspace       used 115845K, capacity 118757K, committed 118892K, reserved 1153024K
  class space    used 14141K, capacity 15209K, committed 15264K, reserved 1048576K
}
Event: 1154.911 GC heap before
{Heap before GC invocations=93 (full 0):
 garbage-first heap   total 328704K, used 128117K [0x0000000080000000, 0x0000000100000000)
  region size 1024K, 16 young (16384K), 14 survivors (14336K)
 Metaspace       used 115846K, capacity 118757K, committed 118892K, reserved 1153024K
  class space    used 14141K, capacity 15209K, committed 15264K, reserved 1048576K
}
Event: 1154.926 GC heap after
{Heap after GC invocations=94 (full 0):
 garbage-first heap   total 328704K, used 113259K [0x0000000080000000, 0x0000000100000000)
  region size 1024K, 2 young (2048K), 2 survivors (2048K)
 Metaspace       used 115846K, capacity 118757K, committed 118892K, reserved 1153024K
  class space    used 14141K, capacity 15209K, committed 15264K, reserved 1048576K
}
Event: 1154.972 GC heap before
{Heap before GC invocations=94 (full 0):
 garbage-first heap   total 328704K, used 130667K [0x0000000080000000, 0x0000000100000000)
  region size 1024K, 19 young (19456K), 2 survivors (2048K)
 Metaspace       used 115846K, capacity 118757K, committed 118892K, reserved 1153024K
  class space    used 14141K, capacity 15209K, committed 15264K, reserved 1048576K
}
Event: 1154.990 GC heap after
{Heap after GC invocations=95 (full 0):
 garbage-first heap   total 328704K, used 121856K [0x0000000080000000, 0x0000000100000000)
  region size 1024K, 3 young (3072K), 3 survivors (3072K)
 Metaspace       used 115846K, capacity 118757K, committed 118892K, reserved 1153024K
  class space    used 14141K, capacity 15209K, committed 15264K, reserved 1048576K
}
Event: 1155.389 GC heap before
{Heap before GC invocations=96 (full 0):
 garbage-first heap   total 328704K, used 188416K [0x0000000080000000, 0x0000000100000000)
  region size 1024K, 69 young (70656K), 3 survivors (3072K)
 Metaspace       used 115849K, capacity 118758K, committed 118892K, reserved 1153024K
  class space    used 14141K, capacity 15209K, committed 15264K, reserved 1048576K
}
Event: 1155.451 GC heap after
{Heap after GC invocations=97 (full 0):
 garbage-first heap   total 328704K, used 153229K [0x0000000080000000, 0x0000000100000000)
  region size 1024K, 9 young (9216K), 9 survivors (9216K)
 Metaspace       used 115849K, capacity 118758K, committed 118892K, reserved 1153024K
  class space    used 14141K, capacity 15209K, committed 15264K, reserved 1048576K
}
Event: 1155.490 GC heap before
{Heap before GC invocations=97 (full 0):
 garbage-first heap   total 328704K, used 159373K [0x0000000080000000, 0x0000000100000000)
  region size 1024K, 16 young (16384K), 9 survivors (9216K)
 Metaspace       used 115849K, capacity 118758K, committed 118892K, reserved 1153024K
  class space    used 14141K, capacity 15209K, committed 15264K, reserved 1048576K
}
Event: 1155.534 GC heap after
{Heap after GC invocations=98 (full 0):
 garbage-first heap   total 328704K, used 154368K [0x0000000080000000, 0x0000000100000000)
  region size 1024K, 2 young (2048K), 2 survivors (2048K)
 Metaspace       used 115849K, capacity 118758K, committed 118892K, reserved 1153024K
  class space    used 14141K, capacity 15209K, committed 15264K, reserved 1048576K
}
Event: 1155.569 GC heap before
{Heap before GC invocations=98 (full 0):
 garbage-first heap   total 328704K, used 159488K [0x0000000080000000, 0x0000000100000000)
  region size 1024K, 9 young (9216K), 2 survivors (2048K)
 Metaspace       used 115849K, capacity 118758K, committed 118892K, reserved 1153024K
  class space    used 14141K, capacity 15209K, committed 15264K, reserved 1048576K
}
Event: 1155.585 GC heap after
{Heap after GC invocations=99 (full 0):
 garbage-first heap   total 328704K, used 156734K [0x0000000080000000, 0x0000000100000000)
  region size 1024K, 5 young (5120K), 5 survivors (5120K)
 Metaspace       used 115849K, capacity 118758K, committed 118892K, reserved 1153024K
  class space    used 14141K, capacity 15209K, committed 15264K, reserved 1048576K
}
Event: 1155.990 GC heap before
{Heap before GC invocations=99 (full 0):
 garbage-first heap   total 328704K, used 218174K [0x0000000080000000, 0x0000000100000000)
  region size 1024K, 62 young (63488K), 5 survivors (5120K)
 Metaspace       used 115853K, capacity 118758K, committed 118892K, reserved 1153024K
  class space    used 14141K, capacity 15209K, committed 15264K, reserved 1048576K
}
Event: 1156.014 GC heap after
{Heap after GC invocations=100 (full 0):
 garbage-first heap   total 328704K, used 171448K [0x0000000080000000, 0x0000000100000000)
  region size 1024K, 8 young (8192K), 8 survivors (8192K)
 Metaspace       used 115853K, capacity 118758K, committed 118892K, reserved 1153024K
  class space    used 14141K, capacity 15209K, committed 15264K, reserved 1048576K
}
Event: 1156.324 GC heap before
{Heap before GC invocations=101 (full 0):
 garbage-first heap   total 328704K, used 222648K [0x0000000080000000, 0x0000000100000000)
  region size 1024K, 50 young (51200K), 8 survivors (8192K)
 Metaspace       used 115863K, capacity 118758K, committed 118892K, reserved 1153024K
  class space    used 14141K, capacity 15209K, committed 15264K, reserved 1048576K
}
Event: 1156.346 GC heap after
{Heap after GC invocations=102 (full 0):
 garbage-first heap   total 328704K, used 167299K [0x0000000080000000, 0x0000000100000000)
  region size 1024K, 3 young (3072K), 3 survivors (3072K)
 Metaspace       used 115863K, capacity 118758K, committed 118892K, reserved 1153024K
  class space    used 14141K, capacity 15209K, committed 15264K, reserved 1048576K
}
Event: 1156.463 GC heap before
{Heap before GC invocations=102 (full 0):
 garbage-first heap   total 328704K, used 180611K [0x0000000080000000, 0x0000000100000000)
  region size 1024K, 16 young (16384K), 3 survivors (3072K)
 Metaspace       used 115867K, capacity 118758K, committed 118892K, reserved 1153024K
  class space    used 14141K, capacity 15209K, committed 15264K, reserved 1048576K
}

