# JRE version: OpenJDK Runtime Environment (11.0.8+10) (build 11.0.8+10-b944.6842174)
# Java VM: OpenJDK 64-Bit Server VM (11.0.8+10-b944.6842174, mixed mode, tiered, compressed oops, g1 gc, windows-amd64)
Heap:
 garbage-first heap   total 273408K, used 139377K [0x0000000080000000, 0x0000000100000000)
  region size 1024K, 6 young (6144K), 6 survivors (6144K)
 Metaspace       used 96322K, capacity 98726K, committed 99660K, reserved 1134592K
  class space    used 12623K, capacity 13554K, committed 13900K, reserved 1048576K
GC Heap History (20 events):
Event: 10.666 GC heap after
{Heap after GC invocations=12 (full 0):
 garbage-first heap   total 157696K, used 39822K [0x0000000080000000, 0x0000000100000000)
  region size 1024K, 4 young (4096K), 4 survivors (4096K)
 Metaspace       used 55020K, capacity 56364K, committed 56524K, reserved 1097728K
  class space    used 7019K, capacity 7498K, committed 7628K, reserved 1048576K
}
Event: 11.332 GC heap before
{Heap before GC invocations=12 (full 0):
 garbage-first heap   total 157696K, used 78734K [0x0000000080000000, 0x0000000100000000)
  region size 1024K, 42 young (43008K), 4 survivors (4096K)
 Metaspace       used 58816K, capacity 60147K, committed 60236K, reserved 1101824K
  class space    used 7442K, capacity 7937K, committed 8012K, reserved 1048576K
}
Event: 11.348 GC heap after
{Heap after GC invocations=13 (full 0):
 garbage-first heap   total 157696K, used 43389K [0x0000000080000000, 0x0000000100000000)
  region size 1024K, 8 young (8192K), 8 survivors (8192K)
 Metaspace       used 58816K, capacity 60147K, committed 60236K, reserved 1101824K
  class space    used 7442K, capacity 7937K, committed 8012K, reserved 1048576K
}
Event: 12.792 GC heap before
{Heap before GC invocations=14 (full 0):
 garbage-first heap   total 157696K, used 115069K [0x0000000080000000, 0x0000000100000000)
  region size 1024K, 78 young (79872K), 8 survivors (8192K)
 Metaspace       used 65073K, capacity 66569K, committed 66764K, reserved 1107968K
  class space    used 8469K, capacity 9042K, committed 9164K, reserved 1048576K
}
Event: 12.812 GC heap after
{Heap after GC invocations=15 (full 0):
 garbage-first heap   total 189440K, used 47867K [0x0000000080000000, 0x0000000100000000)
  region size 1024K, 9 young (9216K), 9 survivors (9216K)
 Metaspace       used 65073K, capacity 66569K, committed 66764K, reserved 1107968K
  class space    used 8469K, capacity 9042K, committed 9164K, reserved 1048576K
}
Event: 14.810 GC heap before
{Heap before GC invocations=15 (full 0):
 garbage-first heap   total 189440K, used 128763K [0x0000000080000000, 0x0000000100000000)
  region size 1024K, 89 young (91136K), 9 survivors (9216K)
 Metaspace       used 74265K, capacity 75994K, committed 76236K, reserved 1116160K
  class space    used 9719K, capacity 10333K, committed 10444K, reserved 1048576K
}
Event: 14.830 GC heap after
{Heap after GC invocations=16 (full 0):
 garbage-first heap   total 189440K, used 53620K [0x0000000080000000, 0x0000000100000000)
  region size 1024K, 11 young (11264K), 11 survivors (11264K)
 Metaspace       used 74265K, capacity 75994K, committed 76236K, reserved 1116160K
  class space    used 9719K, capacity 10333K, committed 10444K, reserved 1048576K
}
Event: 16.798 GC heap before
{Heap before GC invocations=16 (full 0):
 garbage-first heap   total 189440K, used 138612K [0x0000000080000000, 0x0000000100000000)
  region size 1024K, 95 young (97280K), 11 survivors (11264K)
 Metaspace       used 75629K, capacity 77511K, committed 77644K, reserved 1116160K
  class space    used 9811K, capacity 10468K, committed 10572K, reserved 1048576K
}
Event: 16.824 GC heap after
{Heap after GC invocations=17 (full 0):
 garbage-first heap   total 189440K, used 58409K [0x0000000080000000, 0x0000000100000000)
  region size 1024K, 11 young (11264K), 11 survivors (11264K)
 Metaspace       used 75629K, capacity 77511K, committed 77644K, reserved 1116160K
  class space    used 9811K, capacity 10468K, committed 10572K, reserved 1048576K
}
Event: 19.531 GC heap before
{Heap before GC invocations=17 (full 0):
 garbage-first heap   total 189440K, used 146473K [0x0000000080000000, 0x0000000100000000)
  region size 1024K, 96 young (98304K), 11 survivors (11264K)
 Metaspace       used 84825K, capacity 86780K, committed 86988K, reserved 1124352K
  class space    used 10990K, capacity 11718K, committed 11724K, reserved 1048576K
}
Event: 19.553 GC heap after
{Heap after GC invocations=18 (full 0):
 garbage-first heap   total 189440K, used 65221K [0x0000000080000000, 0x0000000100000000)
  region size 1024K, 10 young (10240K), 10 survivors (10240K)
 Metaspace       used 84825K, capacity 86780K, committed 86988K, reserved 1124352K
  class space    used 10990K, capacity 11718K, committed 11724K, reserved 1048576K
}
Event: 21.439 GC heap before
{Heap before GC invocations=18 (full 0):
 garbage-first heap   total 189440K, used 151237K [0x0000000080000000, 0x0000000100000000)
  region size 1024K, 93 young (95232K), 10 survivors (10240K)
 Metaspace       used 93440K, capacity 95923K, committed 96076K, reserved 1132544K
  class space    used 12342K, capacity 13334K, committed 13388K, reserved 1048576K
}
Event: 21.470 GC heap after
{Heap after GC invocations=19 (full 0):
 garbage-first heap   total 227328K, used 72625K [0x0000000080000000, 0x0000000100000000)
  region size 1024K, 12 young (12288K), 12 survivors (12288K)
 Metaspace       used 93440K, capacity 95923K, committed 96076K, reserved 1132544K
  class space    used 12342K, capacity 13334K, committed 13388K, reserved 1048576K
}
Event: 23.876 GC heap before
{Heap before GC invocations=19 (full 0):
 garbage-first heap   total 227328K, used 190385K [0x0000000080000000, 0x0000000100000000)
  region size 1024K, 110 young (112640K), 12 survivors (12288K)
 Metaspace       used 96462K, capacity 99186K, committed 99404K, reserved 1134592K
  class space    used 12799K, capacity 13876K, committed 13900K, reserved 1048576K
}
Event: 23.945 GC heap after
{Heap after GC invocations=20 (full 0):
 garbage-first heap   total 227328K, used 104162K [0x0000000080000000, 0x0000000100000000)
  region size 1024K, 14 young (14336K), 14 survivors (14336K)
 Metaspace       used 96462K, capacity 99186K, committed 99404K, reserved 1134592K
  class space    used 12799K, capacity 13876K, committed 13900K, reserved 1048576K
}
Event: 24.261 GC heap before
{Heap before GC invocations=20 (full 0):
 garbage-first heap   total 227328K, used 125666K [0x0000000080000000, 0x0000000100000000)
  region size 1024K, 36 young (36864K), 14 survivors (14336K)
 Metaspace       used 96524K, capacity 99253K, committed 99404K, reserved 1134592K
  class space    used 12799K, capacity 13876K, committed 13900K, reserved 1048576K
}
Event: 24.335 GC heap after
{Heap after GC invocations=21 (full 0):
 garbage-first heap   total 227328K, used 117760K [0x0000000080000000, 0x0000000100000000)
  region size 1024K, 5 young (5120K), 5 survivors (5120K)
 Metaspace       used 96524K, capacity 99253K, committed 99404K, reserved 1134592K
  class space    used 12799K, capacity 13876K, committed 13900K, reserved 1048576K
}
Event: 24.952 GC heap before
{Heap before GC invocations=21 (full 0):
 garbage-first heap   total 227328K, used 159744K [0x0000000080000000, 0x0000000100000000)
  region size 1024K, 47 young (48128K), 5 survivors (5120K)
 Metaspace       used 96814K, capacity 99566K, committed 99660K, reserved 1134592K
  class space    used 12808K, capacity 13884K, committed 13900K, reserved 1048576K
}
Event: 24.990 GC heap after
{Heap after GC invocations=22 (full 0):
 garbage-first heap   total 227328K, used 133632K [0x0000000080000000, 0x0000000100000000)
  region size 1024K, 6 young (6144K), 6 survivors (6144K)
 Metaspace       used 96814K, capacity 99566K, committed 99660K, reserved 1134592K
  class space    used 12808K, capacity 13884K, committed 13900K, reserved 1048576K
}
Event: 25.820 GC heap before
{Heap before GC invocations=23 (full 0):
 garbage-first heap   total 227328K, used 155136K [0x0000000080000000, 0x0000000100000000)
  region size 1024K, 30 young (30720K), 6 survivors (6144K)
 Metaspace       used 96322K, capacity 98726K, committed 99660K, reserved 1134592K
  class space    used 12623K, capacity 13554K, committed 13900K, reserved 1048576K
}

