# JRE version: OpenJDK Runtime Environment (11.0.8+10) (build 11.0.8+10-b944.6842174)
# Java VM: OpenJDK 64-Bit Server VM (11.0.8+10-b944.6842174, mixed mode, tiered, compressed oops, g1 gc, windows-amd64)
Heap:
 garbage-first heap   total 242688K, used 126464K [0x0000000080000000, 0x0000000100000000)
  region size 1024K, 5 young (5120K), 5 survivors (5120K)
 Metaspace       used 96653K, capacity 99328K, committed 99712K, reserved 1134592K
  class space    used 12776K, capacity 13825K, committed 13952K, reserved 1048576K
GC Heap History (20 events):
Event: 9.017 GC heap after
{Heap after GC invocations=11 (full 0):
 garbage-first heap   total 157696K, used 36330K [0x0000000080000000, 0x0000000100000000)
  region size 1024K, 11 young (11264K), 11 survivors (11264K)
 Metaspace       used 45353K, capacity 46499K, committed 46720K, reserved 1089536K
  class space    used 5810K, capacity 6216K, committed 6272K, reserved 1048576K
}
Event: 11.497 GC heap before
{Heap before GC invocations=11 (full 0):
 garbage-first heap   total 157696K, used 113130K [0x0000000080000000, 0x0000000100000000)
  region size 1024K, 86 young (88064K), 11 survivors (11264K)
 Metaspace       used 56267K, capacity 57628K, committed 57856K, reserved 1099776K
  class space    used 7142K, capacity 7620K, committed 7680K, reserved 1048576K
}
Event: 11.516 GC heap after
{Heap after GC invocations=12 (full 0):
 garbage-first heap   total 189440K, used 41306K [0x0000000080000000, 0x0000000100000000)
  region size 1024K, 5 young (5120K), 5 survivors (5120K)
 Metaspace       used 56267K, capacity 57628K, committed 57856K, reserved 1099776K
  class space    used 7142K, capacity 7620K, committed 7680K, reserved 1048576K
}
Event: 12.413 GC heap before
{Heap before GC invocations=12 (full 0):
 garbage-first heap   total 189440K, used 63834K [0x0000000080000000, 0x0000000100000000)
  region size 1024K, 27 young (27648K), 5 survivors (5120K)
 Metaspace       used 58548K, capacity 59835K, committed 59904K, reserved 1101824K
  class space    used 7405K, capacity 7896K, committed 7936K, reserved 1048576K
}
Event: 12.427 GC heap after
{Heap after GC invocations=13 (full 0):
 garbage-first heap   total 189440K, used 43012K [0x0000000080000000, 0x0000000100000000)
  region size 1024K, 7 young (7168K), 7 survivors (7168K)
 Metaspace       used 58548K, capacity 59835K, committed 59904K, reserved 1101824K
  class space    used 7405K, capacity 7896K, committed 7936K, reserved 1048576K
}
Event: 14.216 GC heap before
{Heap before GC invocations=14 (full 0):
 garbage-first heap   total 189440K, used 129028K [0x0000000080000000, 0x0000000100000000)
  region size 1024K, 91 young (93184K), 7 survivors (7168K)
 Metaspace       used 66046K, capacity 67601K, committed 67840K, reserved 1107968K
  class space    used 8612K, capacity 9189K, committed 9216K, reserved 1048576K
}
Event: 14.232 GC heap after
{Heap after GC invocations=15 (full 0):
 garbage-first heap   total 189440K, used 48564K [0x0000000080000000, 0x0000000100000000)
  region size 1024K, 8 young (8192K), 8 survivors (8192K)
 Metaspace       used 66046K, capacity 67601K, committed 67840K, reserved 1107968K
  class space    used 8612K, capacity 9189K, committed 9216K, reserved 1048576K
}
Event: 16.779 GC heap before
{Heap before GC invocations=15 (full 0):
 garbage-first heap   total 189440K, used 136628K [0x0000000080000000, 0x0000000100000000)
  region size 1024K, 95 young (97280K), 8 survivors (8192K)
 Metaspace       used 74999K, capacity 76755K, committed 77056K, reserved 1116160K
  class space    used 9783K, capacity 10410K, committed 10496K, reserved 1048576K
}
Event: 16.797 GC heap after
{Heap after GC invocations=16 (full 0):
 garbage-first heap   total 189440K, used 53943K [0x0000000080000000, 0x0000000100000000)
  region size 1024K, 12 young (12288K), 12 survivors (12288K)
 Metaspace       used 74999K, capacity 76755K, committed 77056K, reserved 1116160K
  class space    used 9783K, capacity 10410K, committed 10496K, reserved 1048576K
}
Event: 18.985 GC heap before
{Heap before GC invocations=16 (full 0):
 garbage-first heap   total 189440K, used 140983K [0x0000000080000000, 0x0000000100000000)
  region size 1024K, 98 young (100352K), 12 survivors (12288K)
 Metaspace       used 76749K, capacity 78668K, committed 78848K, reserved 1118208K
  class space    used 9973K, capacity 10656K, committed 10752K, reserved 1048576K
}
Event: 19.016 GC heap after
{Heap after GC invocations=17 (full 0):
 garbage-first heap   total 189440K, used 60122K [0x0000000080000000, 0x0000000100000000)
  region size 1024K, 12 young (12288K), 12 survivors (12288K)
 Metaspace       used 76749K, capacity 78668K, committed 78848K, reserved 1118208K
  class space    used 9973K, capacity 10656K, committed 10752K, reserved 1048576K
}
Event: 21.802 GC heap before
{Heap before GC invocations=17 (full 0):
 garbage-first heap   total 189440K, used 146138K [0x0000000080000000, 0x0000000100000000)
  region size 1024K, 95 young (97280K), 12 survivors (12288K)
 Metaspace       used 85174K, capacity 87244K, committed 87296K, reserved 1124352K
  class space    used 11006K, capacity 11732K, committed 11776K, reserved 1048576K
}
Event: 21.822 GC heap after
{Heap after GC invocations=18 (full 0):
 garbage-first heap   total 189440K, used 66257K [0x0000000080000000, 0x0000000100000000)
  region size 1024K, 4 young (4096K), 4 survivors (4096K)
 Metaspace       used 85174K, capacity 87244K, committed 87296K, reserved 1124352K
  class space    used 11006K, capacity 11732K, committed 11776K, reserved 1048576K
}
Event: 23.467 GC heap before
{Heap before GC invocations=18 (full 0):
 garbage-first heap   total 189440K, used 150225K [0x0000000080000000, 0x0000000100000000)
  region size 1024K, 85 young (87040K), 4 survivors (4096K)
 Metaspace       used 95157K, capacity 97854K, committed 97920K, reserved 1134592K
  class space    used 12599K, capacity 13655K, committed 13696K, reserved 1048576K
}
Event: 23.484 GC heap after
{Heap after GC invocations=19 (full 0):
 garbage-first heap   total 189440K, used 67264K [0x0000000080000000, 0x0000000100000000)
  region size 1024K, 7 young (7168K), 7 survivors (7168K)
 Metaspace       used 95157K, capacity 97854K, committed 97920K, reserved 1134592K
  class space    used 12599K, capacity 13655K, committed 13696K, reserved 1048576K
}
Event: 25.193 GC heap before
{Heap before GC invocations=19 (full 0):
 garbage-first heap   total 189440K, used 168640K [0x0000000080000000, 0x0000000100000000)
  region size 1024K, 89 young (91136K), 7 survivors (7168K)
 Metaspace       used 96568K, capacity 99354K, committed 99712K, reserved 1134592K
  class space    used 12782K, capacity 13843K, committed 13952K, reserved 1048576K
}
Event: 25.249 GC heap after
{Heap after GC invocations=20 (full 0):
 garbage-first heap   total 201728K, used 104164K [0x0000000080000000, 0x0000000100000000)
  region size 1024K, 12 young (12288K), 12 survivors (12288K)
 Metaspace       used 96568K, capacity 99354K, committed 99712K, reserved 1134592K
  class space    used 12782K, capacity 13843K, committed 13952K, reserved 1048576K
}
Event: 25.328 GC heap before
{Heap before GC invocations=20 (full 0):
 garbage-first heap   total 201728K, used 111332K [0x0000000080000000, 0x0000000100000000)
  region size 1024K, 19 young (19456K), 12 survivors (12288K)
 Metaspace       used 96573K, capacity 99354K, committed 99712K, reserved 1134592K
  class space    used 12782K, capacity 13843K, committed 13952K, reserved 1048576K
}
Event: 25.379 GC heap after
{Heap after GC invocations=21 (full 0):
 garbage-first heap   total 201728K, used 109056K [0x0000000080000000, 0x0000000100000000)
  region size 1024K, 3 young (3072K), 3 survivors (3072K)
 Metaspace       used 96573K, capacity 99354K, committed 99712K, reserved 1134592K
  class space    used 12782K, capacity 13843K, committed 13952K, reserved 1048576K
}
Event: 26.333 GC heap before
{Heap before GC invocations=22 (full 0):
 garbage-first heap   total 201728K, used 144896K [0x0000000080000000, 0x0000000100000000)
  region size 1024K, 39 young (39936K), 3 survivors (3072K)
 Metaspace       used 96653K, capacity 99328K, committed 99712K, reserved 1134592K
  class space    used 12776K, capacity 13825K, committed 13952K, reserved 1048576K
}

