# JRE version: OpenJDK Runtime Environment (11.0.8+10) (build 11.0.8+10-b944.6842174)
# Java VM: OpenJDK 64-Bit Server VM (11.0.8+10-b944.6842174, mixed mode, tiered, compressed oops, g1 gc, windows-amd64)
Heap:
 garbage-first heap   total 278528K, used 132095K [0x0000000080000000, 0x0000000100000000)
  region size 1024K, 6 young (6144K), 6 survivors (6144K)
 Metaspace       used 83734K, capacity 85834K, committed 86092K, reserved 1124352K
  class space    used 11007K, capacity 11801K, committed 11852K, reserved 1048576K
GC Heap History (20 events):
Event: 4.205 GC heap after
{Heap after GC invocations=8 (full 0):
 garbage-first heap   total 157696K, used 21258K [0x0000000080000000, 0x0000000100000000)
  region size 1024K, 9 young (9216K), 9 survivors (9216K)
 Metaspace       used 35039K, capacity 35829K, committed 35840K, reserved 1081344K
  class space    used 4562K, capacity 4856K, committed 4864K, reserved 1048576K
}
Event: 5.316 GC heap before
{Heap before GC invocations=9 (full 0):
 garbage-first heap   total 157696K, used 109322K [0x0000000080000000, 0x0000000100000000)
  region size 1024K, 92 young (94208K), 9 survivors (9216K)
 Metaspace       used 43038K, capacity 44020K, committed 44108K, reserved 1087488K
  class space    used 5544K, capacity 5899K, committed 5964K, reserved 1048576K
}
Event: 5.332 GC heap after
{Heap after GC invocations=10 (full 0):
 garbage-first heap   total 157696K, used 25314K [0x0000000080000000, 0x0000000100000000)
  region size 1024K, 10 young (10240K), 10 survivors (10240K)
 Metaspace       used 43038K, capacity 44020K, committed 44108K, reserved 1087488K
  class space    used 5544K, capacity 5899K, committed 5964K, reserved 1048576K
}
Event: 6.488 GC heap before
{Heap before GC invocations=10 (full 0):
 garbage-first heap   total 157696K, used 111330K [0x0000000080000000, 0x0000000100000000)
  region size 1024K, 92 young (94208K), 10 survivors (10240K)
 Metaspace       used 48798K, capacity 50024K, committed 50252K, reserved 1093632K
  class space    used 6214K, capacity 6627K, committed 6732K, reserved 1048576K
}
Event: 6.513 GC heap after
{Heap after GC invocations=11 (full 0):
 garbage-first heap   total 189440K, used 36296K [0x0000000080000000, 0x0000000100000000)
  region size 1024K, 12 young (12288K), 12 survivors (12288K)
 Metaspace       used 48798K, capacity 50024K, committed 50252K, reserved 1093632K
  class space    used 6214K, capacity 6627K, committed 6732K, reserved 1048576K
}
Event: 7.724 GC heap before
{Heap before GC invocations=11 (full 0):
 garbage-first heap   total 189440K, used 116168K [0x0000000080000000, 0x0000000100000000)
  region size 1024K, 91 young (93184K), 12 survivors (12288K)
 Metaspace       used 58838K, capacity 60153K, committed 60236K, reserved 1101824K
  class space    used 7451K, capacity 7939K, committed 8012K, reserved 1048576K
}
Event: 7.749 GC heap after
{Heap after GC invocations=12 (full 0):
 garbage-first heap   total 189440K, used 43960K [0x0000000080000000, 0x0000000100000000)
  region size 1024K, 7 young (7168K), 7 survivors (7168K)
 Metaspace       used 58838K, capacity 60153K, committed 60236K, reserved 1101824K
  class space    used 7451K, capacity 7939K, committed 8012K, reserved 1048576K
}
Event: 9.033 GC heap before
{Heap before GC invocations=13 (full 0):
 garbage-first heap   total 189440K, used 135096K [0x0000000080000000, 0x0000000100000000)
  region size 1024K, 96 young (98304K), 7 survivors (7168K)
 Metaspace       used 67284K, capacity 68824K, committed 69068K, reserved 1110016K
  class space    used 8819K, capacity 9367K, committed 9420K, reserved 1048576K
}
Event: 9.051 GC heap after
{Heap after GC invocations=14 (full 0):
 garbage-first heap   total 189440K, used 48094K [0x0000000080000000, 0x0000000100000000)
  region size 1024K, 11 young (11264K), 11 survivors (11264K)
 Metaspace       used 67284K, capacity 68824K, committed 69068K, reserved 1110016K
  class space    used 8819K, capacity 9367K, committed 9420K, reserved 1048576K
}
Event: 10.814 GC heap before
{Heap before GC invocations=14 (full 0):
 garbage-first heap   total 189440K, used 141278K [0x0000000080000000, 0x0000000100000000)
  region size 1024K, 103 young (105472K), 11 survivors (11264K)
 Metaspace       used 74941K, capacity 76737K, committed 77004K, reserved 1116160K
  class space    used 9782K, capacity 10426K, committed 10444K, reserved 1048576K
}
Event: 10.844 GC heap after
{Heap after GC invocations=15 (full 0):
 garbage-first heap   total 189440K, used 55133K [0x0000000080000000, 0x0000000100000000)
  region size 1024K, 13 young (13312K), 13 survivors (13312K)
 Metaspace       used 74941K, capacity 76737K, committed 77004K, reserved 1116160K
  class space    used 9782K, capacity 10426K, committed 10444K, reserved 1048576K
}
Event: 13.005 GC heap before
{Heap before GC invocations=15 (full 0):
 garbage-first heap   total 189440K, used 144221K [0x0000000080000000, 0x0000000100000000)
  region size 1024K, 101 young (103424K), 13 survivors (13312K)
 Metaspace       used 76100K, capacity 77941K, committed 78156K, reserved 1116160K
  class space    used 9862K, capacity 10537K, committed 10572K, reserved 1048576K
}
Event: 13.028 GC heap after
{Heap after GC invocations=16 (full 0):
 garbage-first heap   total 231424K, used 59903K [0x0000000080000000, 0x0000000100000000)
  region size 1024K, 12 young (12288K), 12 survivors (12288K)
 Metaspace       used 76100K, capacity 77941K, committed 78156K, reserved 1116160K
  class space    used 9862K, capacity 10537K, committed 10572K, reserved 1048576K
}
Event: 14.609 GC heap before
{Heap before GC invocations=16 (full 0):
 garbage-first heap   total 231424K, used 181759K [0x0000000080000000, 0x0000000100000000)
  region size 1024K, 114 young (116736K), 12 survivors (12288K)
 Metaspace       used 81301K, capacity 83323K, committed 83660K, reserved 1122304K
  class space    used 10670K, capacity 11382K, committed 11468K, reserved 1048576K
}
Event: 14.661 GC heap after
{Heap after GC invocations=17 (full 0):
 garbage-first heap   total 231424K, used 96526K [0x0000000080000000, 0x0000000100000000)
  region size 1024K, 15 young (15360K), 15 survivors (15360K)
 Metaspace       used 81301K, capacity 83323K, committed 83660K, reserved 1122304K
  class space    used 10670K, capacity 11382K, committed 11468K, reserved 1048576K
}
Event: 14.780 GC heap before
{Heap before GC invocations=17 (full 0):
 garbage-first heap   total 231424K, used 109838K [0x0000000080000000, 0x0000000100000000)
  region size 1024K, 29 young (29696K), 15 survivors (15360K)
 Metaspace       used 81323K, capacity 83324K, committed 83660K, reserved 1122304K
  class space    used 10670K, capacity 11382K, committed 11468K, reserved 1048576K
}
Event: 14.823 GC heap after
{Heap after GC invocations=18 (full 0):
 garbage-first heap   total 231424K, used 105947K [0x0000000080000000, 0x0000000100000000)
  region size 1024K, 4 young (4096K), 4 survivors (4096K)
 Metaspace       used 81323K, capacity 83324K, committed 83660K, reserved 1122304K
  class space    used 10670K, capacity 11382K, committed 11468K, reserved 1048576K
}
Event: 15.499 GC heap before
{Heap before GC invocations=18 (full 0):
 garbage-first heap   total 231424K, used 153051K [0x0000000080000000, 0x0000000100000000)
  region size 1024K, 51 young (52224K), 4 survivors (4096K)
 Metaspace       used 83709K, capacity 85830K, committed 86092K, reserved 1124352K
  class space    used 11007K, capacity 11801K, committed 11852K, reserved 1048576K
}
Event: 15.528 GC heap after
{Heap after GC invocations=19 (full 0):
 garbage-first heap   total 231424K, used 123391K [0x0000000080000000, 0x0000000100000000)
  region size 1024K, 7 young (7168K), 7 survivors (7168K)
 Metaspace       used 83709K, capacity 85830K, committed 86092K, reserved 1124352K
  class space    used 11007K, capacity 11801K, committed 11852K, reserved 1048576K
}
Event: 15.758 GC heap before
{Heap before GC invocations=19 (full 0):
 garbage-first heap   total 231424K, used 147967K [0x0000000080000000, 0x0000000100000000)
  region size 1024K, 33 young (33792K), 7 survivors (7168K)
 Metaspace       used 83734K, capacity 85834K, committed 86092K, reserved 1124352K
  class space    used 11007K, capacity 11801K, committed 11852K, reserved 1048576K
}

